Données reçues: 
POST: Array
(
    [entreprise_id] => 2
    [note] => 2
)

SESSION: Array
(
    [user_id] => 1
    [user_nom] => admin
    [user_prenom] => admin
    [user_role] => ADMIN
    [permissions] => Array
        (
            [0] => VOIR_OFFRE
            [1] => CREER_OFFRE
            [2] => MODIFIER_OFFRE
            [3] => SUPPRIMER_OFFRE
            [4] => VOIR_ENTREPRISE
            [5] => GERER_ENTREPRISES
            [6] => EVALUER_ENTREPRISE
            [7] => GERER_UTILISATEURS
            [8] => VOIR_CANDIDATURES
            [9] => GERER_CANDIDATURES
            [10] => ACCES_ADMIN
        )

    [success_message] => L'offre a été créée avec succès.
)

Résultat de rateEntreprise: 
Success: true
entrepriseId: 2, userId: 1, note: 2
Données reçues: 
POST: Array
(
    [entreprise_id] => 2
    [note] => 3
)

SESSION: Array
(
    [user_id] => 1
    [user_nom] => admin
    [user_prenom] => admin
    [user_role] => ADMIN
    [permissions] => Array
        (
            [0] => VOIR_OFFRE
            [1] => CREER_OFFRE
            [2] => MODIFIER_OFFRE
            [3] => SUPPRIMER_OFFRE
            [4] => VOIR_ENTREPRISE
            [5] => GERER_ENTREPRISES
            [6] => EVALUER_ENTREPRISE
            [7] => GERER_UTILISATEURS
            [8] => VOIR_CANDIDATURES
            [9] => GERER_CANDIDATURES
            [10] => ACCES_ADMIN
        )

    [success_message] => Votre évaluation a été enregistrée avec succès.
)

Résultat de rateEntreprise: 
Success: true
entrepriseId: 2, userId: 1, note: 3
